# JRE version: OpenJDK Runtime Environment (8.0_242-b01) (build 1.8.0_242-release-1644-b01)
# Java VM: OpenJDK 64-Bit Server VM (25.242-b01 mixed mode windows-amd64 compressed oops)
Heap:
 PSYoungGen      total 166912K, used 154685K [0x00000000d5580000, 0x00000000e0f80000, 0x0000000100000000)
  eden space 154112K, 93% used [0x00000000d5580000,0x00000000de2e25d8,0x00000000dec00000)
  from space 12800K, 77% used [0x00000000df900000,0x00000000e02ad008,0x00000000e0580000)
  to   space 13312K, 0% used [0x00000000dec00000,0x00000000dec00000,0x00000000df900000)
 ParOldGen       total 84480K, used 17617K [0x0000000080000000, 0x0000000085280000, 0x00000000d5580000)
  object space 84480K, 20% used [0x0000000080000000,0x0000000081134470,0x0000000085280000)
 Metaspace       used 51074K, capacity 53218K, committed 53416K, reserved 1095680K
  class space    used 6839K, capacity 7259K, committed 7344K, reserved 1048576K
GC Heap History (10 events):
Event: 4.534 GC heap before
{Heap before GC invocations=8 (full 1):
 PSYoungGen      total 76288K, used 4212K [0x00000000d5580000, 0x00000000dea80000, 0x0000000100000000)
  eden space 65536K, 0% used [0x00000000d5580000,0x00000000d5580000,0x00000000d9580000)
  from space 10752K, 39% used [0x00000000d9580000,0x00000000d999d040,0x00000000da000000)
  to   space 10752K, 0% used [0x00000000de000000,0x00000000de000000,0x00000000dea80000)
 ParOldGen       total 87552K, used 8308K [0x0000000080000000, 0x0000000085580000, 0x00000000d5580000)
  object space 87552K, 9% used [0x0000000080000000,0x000000008081d148,0x0000000085580000)
 Metaspace       used 20560K, capacity 21224K, committed 21296K, reserved 1067008K
  class space    used 2872K, capacity 3076K, committed 3120K, reserved 1048576K
Event: 4.603 GC heap after
Heap after GC invocations=8 (full 1):
 PSYoungGen      total 76288K, used 0K [0x00000000d5580000, 0x00000000dea80000, 0x0000000100000000)
  eden space 65536K, 0% used [0x00000000d5580000,0x00000000d5580000,0x00000000d9580000)
  from space 10752K, 0% used [0x00000000d9580000,0x00000000d9580000,0x00000000da000000)
  to   space 10752K, 0% used [0x00000000de000000,0x00000000de000000,0x00000000dea80000)
 ParOldGen       total 53248K, used 6844K [0x0000000080000000, 0x0000000083400000, 0x00000000d5580000)
  object space 53248K, 12% used [0x0000000080000000,0x00000000806af3a8,0x0000000083400000)
 Metaspace       used 20560K, capacity 21224K, committed 21296K, reserved 1067008K
  class space    used 2872K, capacity 3076K, committed 3120K, reserved 1048576K
}
Event: 6.252 GC heap before
{Heap before GC invocations=9 (full 1):
 PSYoungGen      total 76288K, used 65536K [0x00000000d5580000, 0x00000000dea80000, 0x0000000100000000)
  eden space 65536K, 100% used [0x00000000d5580000,0x00000000d9580000,0x00000000d9580000)
  from space 10752K, 0% used [0x00000000d9580000,0x00000000d9580000,0x00000000da000000)
  to   space 10752K, 0% used [0x00000000de000000,0x00000000de000000,0x00000000dea80000)
 ParOldGen       total 53248K, used 6844K [0x0000000080000000, 0x0000000083400000, 0x00000000d5580000)
  object space 53248K, 12% used [0x0000000080000000,0x00000000806af3a8,0x0000000083400000)
 Metaspace       used 28491K, capacity 29310K, committed 29616K, reserved 1075200K
  class space    used 3944K, capacity 4187K, committed 4272K, reserved 1048576K
Event: 6.263 GC heap after
Heap after GC invocations=9 (full 1):
 PSYoungGen      total 118784K, used 8158K [0x00000000d5580000, 0x00000000de800000, 0x0000000100000000)
  eden space 110592K, 0% used [0x00000000d5580000,0x00000000d5580000,0x00000000dc180000)
  from space 8192K, 99% used [0x00000000de000000,0x00000000de7f7ab8,0x00000000de800000)
  to   space 11264K, 0% used [0x00000000dd200000,0x00000000dd200000,0x00000000ddd00000)
 ParOldGen       total 53248K, used 6852K [0x0000000080000000, 0x0000000083400000, 0x00000000d5580000)
  object space 53248K, 12% used [0x0000000080000000,0x00000000806b13a8,0x0000000083400000)
 Metaspace       used 28491K, capacity 29310K, committed 29616K, reserved 1075200K
  class space    used 3944K, capacity 4187K, committed 4272K, reserved 1048576K
}
Event: 7.621 GC heap before
{Heap before GC invocations=10 (full 1):
 PSYoungGen      total 118784K, used 108225K [0x00000000d5580000, 0x00000000de800000, 0x0000000100000000)
  eden space 110592K, 90% used [0x00000000d5580000,0x00000000db738b08,0x00000000dc180000)
  from space 8192K, 99% used [0x00000000de000000,0x00000000de7f7ab8,0x00000000de800000)
  to   space 11264K, 0% used [0x00000000dd200000,0x00000000dd200000,0x00000000ddd00000)
 ParOldGen       total 53248K, used 6852K [0x0000000080000000, 0x0000000083400000, 0x00000000d5580000)
  object space 53248K, 12% used [0x0000000080000000,0x00000000806b13a8,0x0000000083400000)
 Metaspace       used 34305K, capacity 35414K, committed 35496K, reserved 1079296K
  class space    used 4720K, capacity 5002K, committed 5040K, reserved 1048576K
Event: 7.648 GC heap after
Heap after GC invocations=10 (full 1):
 PSYoungGen      total 138752K, used 11249K [0x00000000d5580000, 0x00000000e0580000, 0x0000000100000000)
  eden space 127488K, 0% used [0x00000000d5580000,0x00000000d5580000,0x00000000dd200000)
  from space 11264K, 99% used [0x00000000dd200000,0x00000000ddcfc748,0x00000000ddd00000)
  to   space 12800K, 0% used [0x00000000df900000,0x00000000df900000,0x00000000e0580000)
 ParOldGen       total 53248K, used 7013K [0x0000000080000000, 0x0000000083400000, 0x00000000d5580000)
  object space 53248K, 13% used [0x0000000080000000,0x00000000806d9410,0x0000000083400000)
 Metaspace       used 34305K, capacity 35414K, committed 35496K, reserved 1079296K
  class space    used 4720K, capacity 5002K, committed 5040K, reserved 1048576K
}
Event: 7.648 GC heap before
{Heap before GC invocations=11 (full 2):
 PSYoungGen      total 138752K, used 11249K [0x00000000d5580000, 0x00000000e0580000, 0x0000000100000000)
  eden space 127488K, 0% used [0x00000000d5580000,0x00000000d5580000,0x00000000dd200000)
  from space 11264K, 99% used [0x00000000dd200000,0x00000000ddcfc748,0x00000000ddd00000)
  to   space 12800K, 0% used [0x00000000df900000,0x00000000df900000,0x00000000e0580000)
 ParOldGen       total 53248K, used 7013K [0x0000000080000000, 0x0000000083400000, 0x00000000d5580000)
  object space 53248K, 13% used [0x0000000080000000,0x00000000806d9410,0x0000000083400000)
 Metaspace       used 34305K, capacity 35414K, committed 35496K, reserved 1079296K
  class space    used 4720K, capacity 5002K, committed 5040K, reserved 1048576K
Event: 7.763 GC heap after
Heap after GC invocations=11 (full 2):
 PSYoungGen      total 138752K, used 0K [0x00000000d5580000, 0x00000000e0580000, 0x0000000100000000)
  eden space 127488K, 0% used [0x00000000d5580000,0x00000000d5580000,0x00000000dd200000)
  from space 11264K, 0% used [0x00000000dd200000,0x00000000dd200000,0x00000000ddd00000)
  to   space 12800K, 0% used [0x00000000df900000,0x00000000df900000,0x00000000e0580000)
 ParOldGen       total 84480K, used 17609K [0x0000000080000000, 0x0000000085280000, 0x00000000d5580000)
  object space 84480K, 20% used [0x0000000080000000,0x0000000081132470,0x0000000085280000)
 Metaspace       used 34305K, capacity 35414K, committed 35496K, reserved 1079296K
  class space    used 4720K, capacity 5002K, committed 5040K, reserved 1048576K
}
Event: 10.238 GC heap before
{Heap before GC invocations=12 (full 2):
 PSYoungGen      total 138752K, used 127488K [0x00000000d5580000, 0x00000000e0580000, 0x0000000100000000)
  eden space 127488K, 100% used [0x00000000d5580000,0x00000000dd200000,0x00000000dd200000)
  from space 11264K, 0% used [0x00000000dd200000,0x00000000dd200000,0x00000000ddd00000)
  to   space 12800K, 0% used [0x00000000df900000,0x00000000df900000,0x00000000e0580000)
 ParOldGen       total 84480K, used 17609K [0x0000000080000000, 0x0000000085280000, 0x00000000d5580000)
  object space 84480K, 20% used [0x0000000080000000,0x0000000081132470,0x0000000085280000)
 Metaspace       used 37873K, capacity 39520K, committed 39720K, reserved 1083392K
  class space    used 5227K, capacity 5562K, committed 5680K, reserved 1048576K
Event: 10.251 GC heap after
Heap after GC invocations=12 (full 2):
 PSYoungGen      total 166912K, used 9908K [0x00000000d5580000, 0x00000000e0f80000, 0x0000000100000000)
  eden space 154112K, 0% used [0x00000000d5580000,0x00000000d5580000,0x00000000dec00000)
  from space 12800K, 77% used [0x00000000df900000,0x00000000e02ad008,0x00000000e0580000)
  to   space 13312K, 0% used [0x00000000dec00000,0x00000000dec00000,0x00000000df900000)
 ParOldGen       total 84480K, used 17617K [0x0000000080000000, 0x0000000085280000, 0x00000000d5580000)
  object space 84480K, 20% used [0x0000000080000000,0x0000000081134470,0x0000000085280000)
 Metaspace       used 37873K, capacity 39520K, committed 39720K, reserved 1083392K
  class space    used 5227K, capacity 5562K, committed 5680K, reserved 1048576K
}

